<?xml version="1.0" encoding="UTF-8"?>
<testng-results skipped="0" failed="0" ignored="0" total="15" passed="15">
  <reporter-output>
  </reporter-output>
  <suite name="TestNG Cucumber Suite" duration-ms="229977" started-at="2023-03-25T16:01:56 EET" finished-at="2023-03-25T16:05:46 EET">
    <groups>
      <group name="cucumber">
        <method signature="AbstractTestNGCucumberTests.runScenario(io.cucumber.testng.PickleWrapper,io.cucumber.testng.FeatureWrapper)[pri:0, instance:runner.TestRunner@1ed6388a]" name="runScenario" class="io.cucumber.testng.AbstractTestNGCucumberTests"/>
      </group> <!-- cucumber -->
    </groups>
    <test name="Cucumber Tests" duration-ms="229977" started-at="2023-03-25T16:01:56 EET" finished-at="2023-03-25T16:05:46 EET">
      <class name="runner.TestRunner">
        <test-method status="PASS" signature="beforeSuiteSetup()[pri:0, instance:runner.TestRunner@1ed6388a]" name="beforeSuiteSetup" is-config="true" duration-ms="6" started-at="2023-03-25T16:01:56 EET" finished-at="2023-03-25T16:01:56 EET">
          <reporter-output>
          </reporter-output>
        </test-method> <!-- beforeSuiteSetup -->
        <test-method status="PASS" signature="setUpClass(org.testng.ITestContext)[pri:0, instance:runner.TestRunner@1ed6388a]" name="setUpClass" is-config="true" duration-ms="649" started-at="2023-03-25T16:01:56 EET" finished-at="2023-03-25T16:01:57 EET">
          <params>
            <param index="0">
              <value>
                <![CDATA[org.testng.TestRunner@67f5066e]]>
              </value>
            </param>
          </params>
          <reporter-output>
          </reporter-output>
        </test-method> <!-- setUpClass -->
        <test-method status="PASS" signature="setup()[pri:0, instance:runner.TestRunner@1ed6388a]" name="setup" is-config="true" duration-ms="5881" started-at="2023-03-25T16:01:57 EET" finished-at="2023-03-25T16:02:03 EET">
          <reporter-output>
          </reporter-output>
        </test-method> <!-- setup -->
        <test-method status="PASS" signature="runScenario(io.cucumber.testng.PickleWrapper,io.cucumber.testng.FeatureWrapper)[pri:0, instance:runner.TestRunner@1ed6388a]" name="runScenario" duration-ms="12381" started-at="2023-03-25T16:02:03 EET" description="Runs Cucumber Scenarios" data-provider="scenarios" finished-at="2023-03-25T16:02:15 EET">
          <params>
            <param index="0">
              <value>
                <![CDATA["Adding new category"]]>
              </value>
            </param>
            <param index="1">
              <value>
                <![CDATA["Add product"]]>
              </value>
            </param>
          </params>
          <reporter-output>
          </reporter-output>
        </test-method> <!-- runScenario -->
        <test-method status="PASS" signature="TearDown()[pri:0, instance:runner.TestRunner@1ed6388a]" name="TearDown" is-config="true" duration-ms="414" started-at="2023-03-25T16:02:15 EET" finished-at="2023-03-25T16:02:16 EET">
          <reporter-output>
          </reporter-output>
        </test-method> <!-- TearDown -->
        <test-method status="PASS" signature="setup()[pri:0, instance:runner.TestRunner@1ed6388a]" name="setup" is-config="true" duration-ms="4808" started-at="2023-03-25T16:02:16 EET" finished-at="2023-03-25T16:02:20 EET">
          <reporter-output>
          </reporter-output>
        </test-method> <!-- setup -->
        <test-method status="PASS" signature="runScenario(io.cucumber.testng.PickleWrapper,io.cucumber.testng.FeatureWrapper)[pri:0, instance:runner.TestRunner@1ed6388a]" name="runScenario" duration-ms="13775" started-at="2023-03-25T16:02:20 EET" description="Runs Cucumber Scenarios" data-provider="scenarios" finished-at="2023-03-25T16:02:34 EET">
          <params>
            <param index="0">
              <value>
                <![CDATA["Adding new product"]]>
              </value>
            </param>
            <param index="1">
              <value>
                <![CDATA["Add product"]]>
              </value>
            </param>
          </params>
          <reporter-output>
          </reporter-output>
        </test-method> <!-- runScenario -->
        <test-method status="PASS" signature="TearDown()[pri:0, instance:runner.TestRunner@1ed6388a]" name="TearDown" is-config="true" duration-ms="377" started-at="2023-03-25T16:02:34 EET" finished-at="2023-03-25T16:02:35 EET">
          <reporter-output>
          </reporter-output>
        </test-method> <!-- TearDown -->
        <test-method status="PASS" signature="setup()[pri:0, instance:runner.TestRunner@1ed6388a]" name="setup" is-config="true" duration-ms="4761" started-at="2023-03-25T16:02:35 EET" finished-at="2023-03-25T16:02:39 EET">
          <reporter-output>
          </reporter-output>
        </test-method> <!-- setup -->
        <test-method status="PASS" signature="runScenario(io.cucumber.testng.PickleWrapper,io.cucumber.testng.FeatureWrapper)[pri:0, instance:runner.TestRunner@1ed6388a]" name="runScenario" duration-ms="13709" started-at="2023-03-25T16:02:39 EET" description="Runs Cucumber Scenarios" data-provider="scenarios" finished-at="2023-03-25T16:02:53 EET">
          <params>
            <param index="0">
              <value>
                <![CDATA["Adding new product"]]>
              </value>
            </param>
            <param index="1">
              <value>
                <![CDATA["Add product"]]>
              </value>
            </param>
          </params>
          <reporter-output>
          </reporter-output>
        </test-method> <!-- runScenario -->
        <test-method status="PASS" signature="TearDown()[pri:0, instance:runner.TestRunner@1ed6388a]" name="TearDown" is-config="true" duration-ms="361" started-at="2023-03-25T16:02:53 EET" finished-at="2023-03-25T16:02:53 EET">
          <reporter-output>
          </reporter-output>
        </test-method> <!-- TearDown -->
        <test-method status="PASS" signature="setup()[pri:0, instance:runner.TestRunner@1ed6388a]" name="setup" is-config="true" duration-ms="4797" started-at="2023-03-25T16:02:53 EET" finished-at="2023-03-25T16:02:58 EET">
          <reporter-output>
          </reporter-output>
        </test-method> <!-- setup -->
        <test-method status="PASS" signature="runScenario(io.cucumber.testng.PickleWrapper,io.cucumber.testng.FeatureWrapper)[pri:0, instance:runner.TestRunner@1ed6388a]" name="runScenario" duration-ms="13662" started-at="2023-03-25T16:02:58 EET" description="Runs Cucumber Scenarios" data-provider="scenarios" finished-at="2023-03-25T16:03:12 EET">
          <params>
            <param index="0">
              <value>
                <![CDATA["Adding new product"]]>
              </value>
            </param>
            <param index="1">
              <value>
                <![CDATA["Add product"]]>
              </value>
            </param>
          </params>
          <reporter-output>
          </reporter-output>
        </test-method> <!-- runScenario -->
        <test-method status="PASS" signature="TearDown()[pri:0, instance:runner.TestRunner@1ed6388a]" name="TearDown" is-config="true" duration-ms="356" started-at="2023-03-25T16:03:12 EET" finished-at="2023-03-25T16:03:12 EET">
          <reporter-output>
          </reporter-output>
        </test-method> <!-- TearDown -->
        <test-method status="PASS" signature="setup()[pri:0, instance:runner.TestRunner@1ed6388a]" name="setup" is-config="true" duration-ms="4803" started-at="2023-03-25T16:03:12 EET" finished-at="2023-03-25T16:03:17 EET">
          <reporter-output>
          </reporter-output>
        </test-method> <!-- setup -->
        <test-method status="PASS" signature="runScenario(io.cucumber.testng.PickleWrapper,io.cucumber.testng.FeatureWrapper)[pri:0, instance:runner.TestRunner@1ed6388a]" name="runScenario" duration-ms="4215" started-at="2023-03-25T16:03:17 EET" description="Runs Cucumber Scenarios" data-provider="scenarios" finished-at="2023-03-25T16:03:21 EET">
          <params>
            <param index="0">
              <value>
                <![CDATA["Retrieve the most viewed products"]]>
              </value>
            </param>
            <param index="1">
              <value>
                <![CDATA["Get products via API"]]>
              </value>
            </param>
          </params>
          <reporter-output>
          </reporter-output>
        </test-method> <!-- runScenario -->
        <test-method status="PASS" signature="TearDown()[pri:0, instance:runner.TestRunner@1ed6388a]" name="TearDown" is-config="true" duration-ms="354" started-at="2023-03-25T16:03:21 EET" finished-at="2023-03-25T16:03:22 EET">
          <reporter-output>
          </reporter-output>
        </test-method> <!-- TearDown -->
        <test-method status="PASS" signature="setup()[pri:0, instance:runner.TestRunner@1ed6388a]" name="setup" is-config="true" duration-ms="4754" started-at="2023-03-25T16:03:22 EET" finished-at="2023-03-25T16:03:26 EET">
          <reporter-output>
          </reporter-output>
        </test-method> <!-- setup -->
        <test-method status="PASS" signature="runScenario(io.cucumber.testng.PickleWrapper,io.cucumber.testng.FeatureWrapper)[pri:0, instance:runner.TestRunner@1ed6388a]" name="runScenario" duration-ms="2029" started-at="2023-03-25T16:03:26 EET" description="Runs Cucumber Scenarios" data-provider="scenarios" finished-at="2023-03-25T16:03:28 EET">
          <params>
            <param index="0">
              <value>
                <![CDATA["Retrieve the most purchased products"]]>
              </value>
            </param>
            <param index="1">
              <value>
                <![CDATA["Get products via API"]]>
              </value>
            </param>
          </params>
          <reporter-output>
          </reporter-output>
        </test-method> <!-- runScenario -->
        <test-method status="PASS" signature="TearDown()[pri:0, instance:runner.TestRunner@1ed6388a]" name="TearDown" is-config="true" duration-ms="373" started-at="2023-03-25T16:03:28 EET" finished-at="2023-03-25T16:03:29 EET">
          <reporter-output>
          </reporter-output>
        </test-method> <!-- TearDown -->
        <test-method status="PASS" signature="setup()[pri:0, instance:runner.TestRunner@1ed6388a]" name="setup" is-config="true" duration-ms="4773" started-at="2023-03-25T16:03:29 EET" finished-at="2023-03-25T16:03:34 EET">
          <reporter-output>
          </reporter-output>
        </test-method> <!-- setup -->
        <test-method status="PASS" signature="runScenario(io.cucumber.testng.PickleWrapper,io.cucumber.testng.FeatureWrapper)[pri:0, instance:runner.TestRunner@1ed6388a]" name="runScenario" duration-ms="3951" started-at="2023-03-25T16:03:34 EET" description="Runs Cucumber Scenarios" data-provider="scenarios" finished-at="2023-03-25T16:03:38 EET">
          <params>
            <param index="0">
              <value>
                <![CDATA["Successful login with valid credentials"]]>
              </value>
            </param>
            <param index="1">
              <value>
                <![CDATA["Login"]]>
              </value>
            </param>
          </params>
          <reporter-output>
          </reporter-output>
        </test-method> <!-- runScenario -->
        <test-method status="PASS" signature="TearDown()[pri:0, instance:runner.TestRunner@1ed6388a]" name="TearDown" is-config="true" duration-ms="359" started-at="2023-03-25T16:03:38 EET" finished-at="2023-03-25T16:03:38 EET">
          <reporter-output>
          </reporter-output>
        </test-method> <!-- TearDown -->
        <test-method status="PASS" signature="setup()[pri:0, instance:runner.TestRunner@1ed6388a]" name="setup" is-config="true" duration-ms="4734" started-at="2023-03-25T16:03:38 EET" finished-at="2023-03-25T16:03:43 EET">
          <reporter-output>
          </reporter-output>
        </test-method> <!-- setup -->
        <test-method status="PASS" signature="runScenario(io.cucumber.testng.PickleWrapper,io.cucumber.testng.FeatureWrapper)[pri:0, instance:runner.TestRunner@1ed6388a]" name="runScenario" duration-ms="4328" started-at="2023-03-25T16:03:43 EET" description="Runs Cucumber Scenarios" data-provider="scenarios" finished-at="2023-03-25T16:03:47 EET">
          <params>
            <param index="0">
              <value>
                <![CDATA["Access to admin portal"]]>
              </value>
            </param>
            <param index="1">
              <value>
                <![CDATA["Login"]]>
              </value>
            </param>
          </params>
          <reporter-output>
          </reporter-output>
        </test-method> <!-- runScenario -->
        <test-method status="PASS" signature="TearDown()[pri:0, instance:runner.TestRunner@1ed6388a]" name="TearDown" is-config="true" duration-ms="352" started-at="2023-03-25T16:03:47 EET" finished-at="2023-03-25T16:03:47 EET">
          <reporter-output>
          </reporter-output>
        </test-method> <!-- TearDown -->
        <test-method status="PASS" signature="setup()[pri:0, instance:runner.TestRunner@1ed6388a]" name="setup" is-config="true" duration-ms="4760" started-at="2023-03-25T16:03:47 EET" finished-at="2023-03-25T16:03:52 EET">
          <reporter-output>
          </reporter-output>
        </test-method> <!-- setup -->
        <test-method status="PASS" signature="runScenario(io.cucumber.testng.PickleWrapper,io.cucumber.testng.FeatureWrapper)[pri:0, instance:runner.TestRunner@1ed6388a]" name="runScenario" duration-ms="4392" started-at="2023-03-25T16:03:52 EET" description="Runs Cucumber Scenarios" data-provider="scenarios" finished-at="2023-03-25T16:03:56 EET">
          <params>
            <param index="0">
              <value>
                <![CDATA["Failure to login with invalid credentials"]]>
              </value>
            </param>
            <param index="1">
              <value>
                <![CDATA["Login"]]>
              </value>
            </param>
          </params>
          <reporter-output>
          </reporter-output>
        </test-method> <!-- runScenario -->
        <test-method status="PASS" signature="TearDown()[pri:0, instance:runner.TestRunner@1ed6388a]" name="TearDown" is-config="true" duration-ms="344" started-at="2023-03-25T16:03:56 EET" finished-at="2023-03-25T16:03:57 EET">
          <reporter-output>
          </reporter-output>
        </test-method> <!-- TearDown -->
        <test-method status="PASS" signature="setup()[pri:0, instance:runner.TestRunner@1ed6388a]" name="setup" is-config="true" duration-ms="4775" started-at="2023-03-25T16:03:57 EET" finished-at="2023-03-25T16:04:02 EET">
          <reporter-output>
          </reporter-output>
        </test-method> <!-- setup -->
        <test-method status="PASS" signature="runScenario(io.cucumber.testng.PickleWrapper,io.cucumber.testng.FeatureWrapper)[pri:0, instance:runner.TestRunner@1ed6388a]" name="runScenario" duration-ms="5321" started-at="2023-03-25T16:04:02 EET" description="Runs Cucumber Scenarios" data-provider="scenarios" finished-at="2023-03-25T16:04:07 EET">
          <params>
            <param index="0">
              <value>
                <![CDATA["Failure to login with invalid credentials"]]>
              </value>
            </param>
            <param index="1">
              <value>
                <![CDATA["Login"]]>
              </value>
            </param>
          </params>
          <reporter-output>
          </reporter-output>
        </test-method> <!-- runScenario -->
        <test-method status="PASS" signature="TearDown()[pri:0, instance:runner.TestRunner@1ed6388a]" name="TearDown" is-config="true" duration-ms="369" started-at="2023-03-25T16:04:07 EET" finished-at="2023-03-25T16:04:07 EET">
          <reporter-output>
          </reporter-output>
        </test-method> <!-- TearDown -->
        <test-method status="PASS" signature="setup()[pri:0, instance:runner.TestRunner@1ed6388a]" name="setup" is-config="true" duration-ms="4768" started-at="2023-03-25T16:04:07 EET" finished-at="2023-03-25T16:04:12 EET">
          <reporter-output>
          </reporter-output>
        </test-method> <!-- setup -->
        <test-method status="PASS" signature="runScenario(io.cucumber.testng.PickleWrapper,io.cucumber.testng.FeatureWrapper)[pri:0, instance:runner.TestRunner@1ed6388a]" name="runScenario" duration-ms="34859" started-at="2023-03-25T16:04:12 EET" description="Runs Cucumber Scenarios" data-provider="scenarios" finished-at="2023-03-25T16:04:47 EET">
          <params>
            <param index="0">
              <value>
                <![CDATA["Product ordering"]]>
              </value>
            </param>
            <param index="1">
              <value>
                <![CDATA["Product ordering"]]>
              </value>
            </param>
          </params>
          <reporter-output>
          </reporter-output>
        </test-method> <!-- runScenario -->
        <test-method status="PASS" signature="TearDown()[pri:0, instance:runner.TestRunner@1ed6388a]" name="TearDown" is-config="true" duration-ms="465" started-at="2023-03-25T16:04:47 EET" finished-at="2023-03-25T16:04:47 EET">
          <reporter-output>
          </reporter-output>
        </test-method> <!-- TearDown -->
        <test-method status="PASS" signature="setup()[pri:0, instance:runner.TestRunner@1ed6388a]" name="setup" is-config="true" duration-ms="5083" started-at="2023-03-25T16:04:47 EET" finished-at="2023-03-25T16:04:52 EET">
          <reporter-output>
          </reporter-output>
        </test-method> <!-- setup -->
        <test-method status="PASS" signature="runScenario(io.cucumber.testng.PickleWrapper,io.cucumber.testng.FeatureWrapper)[pri:0, instance:runner.TestRunner@1ed6388a]" name="runScenario" duration-ms="12626" started-at="2023-03-25T16:04:52 EET" description="Runs Cucumber Scenarios" data-provider="scenarios" finished-at="2023-03-25T16:05:05 EET">
          <params>
            <param index="0">
              <value>
                <![CDATA["Successful registration on web app"]]>
              </value>
            </param>
            <param index="1">
              <value>
                <![CDATA["Sign Up"]]>
              </value>
            </param>
          </params>
          <reporter-output>
          </reporter-output>
        </test-method> <!-- runScenario -->
        <test-method status="PASS" signature="TearDown()[pri:0, instance:runner.TestRunner@1ed6388a]" name="TearDown" is-config="true" duration-ms="421" started-at="2023-03-25T16:05:05 EET" finished-at="2023-03-25T16:05:06 EET">
          <reporter-output>
          </reporter-output>
        </test-method> <!-- TearDown -->
        <test-method status="PASS" signature="setup()[pri:0, instance:runner.TestRunner@1ed6388a]" name="setup" is-config="true" duration-ms="4793" started-at="2023-03-25T16:05:06 EET" finished-at="2023-03-25T16:05:10 EET">
          <reporter-output>
          </reporter-output>
        </test-method> <!-- setup -->
        <test-method status="PASS" signature="runScenario(io.cucumber.testng.PickleWrapper,io.cucumber.testng.FeatureWrapper)[pri:0, instance:runner.TestRunner@1ed6388a]" name="runScenario" duration-ms="13309" started-at="2023-03-25T16:05:10 EET" description="Runs Cucumber Scenarios" data-provider="scenarios" finished-at="2023-03-25T16:05:24 EET">
          <params>
            <param index="0">
              <value>
                <![CDATA["Successful registration on web app"]]>
              </value>
            </param>
            <param index="1">
              <value>
                <![CDATA["Sign Up"]]>
              </value>
            </param>
          </params>
          <reporter-output>
          </reporter-output>
        </test-method> <!-- runScenario -->
        <test-method status="PASS" signature="TearDown()[pri:0, instance:runner.TestRunner@1ed6388a]" name="TearDown" is-config="true" duration-ms="429" started-at="2023-03-25T16:05:24 EET" finished-at="2023-03-25T16:05:24 EET">
          <reporter-output>
          </reporter-output>
        </test-method> <!-- TearDown -->
        <test-method status="PASS" signature="setup()[pri:0, instance:runner.TestRunner@1ed6388a]" name="setup" is-config="true" duration-ms="5123" started-at="2023-03-25T16:05:24 EET" finished-at="2023-03-25T16:05:29 EET">
          <reporter-output>
          </reporter-output>
        </test-method> <!-- setup -->
        <test-method status="PASS" signature="runScenario(io.cucumber.testng.PickleWrapper,io.cucumber.testng.FeatureWrapper)[pri:0, instance:runner.TestRunner@1ed6388a]" name="runScenario" duration-ms="5331" started-at="2023-03-25T16:05:29 EET" description="Runs Cucumber Scenarios" data-provider="scenarios" finished-at="2023-03-25T16:05:35 EET">
          <params>
            <param index="0">
              <value>
                <![CDATA["Failure to register with incomplete personal data"]]>
              </value>
            </param>
            <param index="1">
              <value>
                <![CDATA["Sign Up"]]>
              </value>
            </param>
          </params>
          <reporter-output>
          </reporter-output>
        </test-method> <!-- runScenario -->
        <test-method status="PASS" signature="TearDown()[pri:0, instance:runner.TestRunner@1ed6388a]" name="TearDown" is-config="true" duration-ms="384" started-at="2023-03-25T16:05:35 EET" finished-at="2023-03-25T16:05:35 EET">
          <reporter-output>
          </reporter-output>
        </test-method> <!-- TearDown -->
        <test-method status="PASS" signature="setup()[pri:0, instance:runner.TestRunner@1ed6388a]" name="setup" is-config="true" duration-ms="4805" started-at="2023-03-25T16:05:35 EET" finished-at="2023-03-25T16:05:40 EET">
          <reporter-output>
          </reporter-output>
        </test-method> <!-- setup -->
        <test-method status="PASS" signature="runScenario(io.cucumber.testng.PickleWrapper,io.cucumber.testng.FeatureWrapper)[pri:0, instance:runner.TestRunner@1ed6388a]" name="runScenario" duration-ms="5167" started-at="2023-03-25T16:05:40 EET" description="Runs Cucumber Scenarios" data-provider="scenarios" finished-at="2023-03-25T16:05:45 EET">
          <params>
            <param index="0">
              <value>
                <![CDATA["Failure to register with incomplete personal data"]]>
              </value>
            </param>
            <param index="1">
              <value>
                <![CDATA["Sign Up"]]>
              </value>
            </param>
          </params>
          <reporter-output>
          </reporter-output>
        </test-method> <!-- runScenario -->
        <test-method status="PASS" signature="TearDown()[pri:0, instance:runner.TestRunner@1ed6388a]" name="TearDown" is-config="true" duration-ms="445" started-at="2023-03-25T16:05:45 EET" finished-at="2023-03-25T16:05:45 EET">
          <reporter-output>
          </reporter-output>
        </test-method> <!-- TearDown -->
        <test-method status="PASS" signature="tearDownClass()[pri:0, instance:runner.TestRunner@1ed6388a]" name="tearDownClass" is-config="true" duration-ms="938" started-at="2023-03-25T16:05:45 EET" finished-at="2023-03-25T16:05:46 EET">
          <reporter-output>
          </reporter-output>
        </test-method> <!-- tearDownClass -->
        <test-method status="PASS" signature="afterSuiteSetup()[pri:0, instance:runner.TestRunner@1ed6388a]" name="afterSuiteSetup" is-config="true" duration-ms="4" started-at="2023-03-25T16:05:46 EET" finished-at="2023-03-25T16:05:46 EET">
          <reporter-output>
          </reporter-output>
        </test-method> <!-- afterSuiteSetup -->
      </class> <!-- runner.TestRunner -->
    </test> <!-- Cucumber Tests -->
  </suite> <!-- TestNG Cucumber Suite -->
</testng-results>
