<?xml version="1.0" encoding="UTF-8"?>
<testng-results skipped="0" failed="0" ignored="0" total="16" passed="16">
  <reporter-output>
  </reporter-output>
  <suite name="TestNG Cucumber Suite" duration-ms="178670" started-at="2023-03-26T16:12:48 EEST" finished-at="2023-03-26T16:15:46 EEST">
    <groups>
      <group name="cucumber">
        <method signature="AbstractTestNGCucumberTests.runScenario(io.cucumber.testng.PickleWrapper,io.cucumber.testng.FeatureWrapper)[pri:0, instance:runner.TestRunner@51c668e3]" name="runScenario" class="io.cucumber.testng.AbstractTestNGCucumberTests"/>
      </group> <!-- cucumber -->
    </groups>
    <test name="Cucumber Tests" duration-ms="178670" started-at="2023-03-26T16:12:48 EEST" finished-at="2023-03-26T16:15:46 EEST">
      <class name="runner.TestRunner">
        <test-method status="PASS" signature="beforeSuiteSetup()[pri:0, instance:runner.TestRunner@51c668e3]" name="beforeSuiteSetup" is-config="true" duration-ms="5" started-at="2023-03-26T16:12:48 EEST" finished-at="2023-03-26T16:12:48 EEST">
          <reporter-output>
          </reporter-output>
        </test-method> <!-- beforeSuiteSetup -->
        <test-method status="PASS" signature="setUpClass(org.testng.ITestContext)[pri:0, instance:runner.TestRunner@51c668e3]" name="setUpClass" is-config="true" duration-ms="987" started-at="2023-03-26T16:12:48 EEST" finished-at="2023-03-26T16:12:49 EEST">
          <params>
            <param index="0">
              <value>
                <![CDATA[org.testng.TestRunner@4a48fe63]]>
              </value>
            </param>
          </params>
          <reporter-output>
          </reporter-output>
        </test-method> <!-- setUpClass -->
        <test-method status="PASS" signature="setup()[pri:0, instance:runner.TestRunner@51c668e3]" name="setup" is-config="true" duration-ms="1342" started-at="2023-03-26T16:12:49 EEST" finished-at="2023-03-26T16:12:50 EEST">
          <reporter-output>
          </reporter-output>
        </test-method> <!-- setup -->
        <test-method status="PASS" signature="runScenario(io.cucumber.testng.PickleWrapper,io.cucumber.testng.FeatureWrapper)[pri:0, instance:runner.TestRunner@51c668e3]" name="runScenario" duration-ms="12097" started-at="2023-03-26T16:12:50 EEST" description="Runs Cucumber Scenarios" data-provider="scenarios" finished-at="2023-03-26T16:13:02 EEST">
          <params>
            <param index="0">
              <value>
                <![CDATA["Adding new category"]]>
              </value>
            </param>
            <param index="1">
              <value>
                <![CDATA["Add product"]]>
              </value>
            </param>
          </params>
          <reporter-output>
          </reporter-output>
        </test-method> <!-- runScenario -->
        <test-method status="PASS" signature="TearDown()[pri:0, instance:runner.TestRunner@51c668e3]" name="TearDown" is-config="true" duration-ms="359" started-at="2023-03-26T16:13:02 EEST" finished-at="2023-03-26T16:13:03 EEST">
          <reporter-output>
          </reporter-output>
        </test-method> <!-- TearDown -->
        <test-method status="PASS" signature="setup()[pri:0, instance:runner.TestRunner@51c668e3]" name="setup" is-config="true" duration-ms="909" started-at="2023-03-26T16:13:03 EEST" finished-at="2023-03-26T16:13:03 EEST">
          <reporter-output>
          </reporter-output>
        </test-method> <!-- setup -->
        <test-method status="PASS" signature="runScenario(io.cucumber.testng.PickleWrapper,io.cucumber.testng.FeatureWrapper)[pri:0, instance:runner.TestRunner@51c668e3]" name="runScenario" duration-ms="13204" started-at="2023-03-26T16:13:03 EEST" description="Runs Cucumber Scenarios" data-provider="scenarios" finished-at="2023-03-26T16:13:17 EEST">
          <params>
            <param index="0">
              <value>
                <![CDATA["Adding new product"]]>
              </value>
            </param>
            <param index="1">
              <value>
                <![CDATA["Add product"]]>
              </value>
            </param>
          </params>
          <reporter-output>
          </reporter-output>
        </test-method> <!-- runScenario -->
        <test-method status="PASS" signature="TearDown()[pri:0, instance:runner.TestRunner@51c668e3]" name="TearDown" is-config="true" duration-ms="300" started-at="2023-03-26T16:13:17 EEST" finished-at="2023-03-26T16:13:17 EEST">
          <reporter-output>
          </reporter-output>
        </test-method> <!-- TearDown -->
        <test-method status="PASS" signature="setup()[pri:0, instance:runner.TestRunner@51c668e3]" name="setup" is-config="true" duration-ms="899" started-at="2023-03-26T16:13:17 EEST" finished-at="2023-03-26T16:13:18 EEST">
          <reporter-output>
          </reporter-output>
        </test-method> <!-- setup -->
        <test-method status="PASS" signature="runScenario(io.cucumber.testng.PickleWrapper,io.cucumber.testng.FeatureWrapper)[pri:0, instance:runner.TestRunner@51c668e3]" name="runScenario" duration-ms="13458" started-at="2023-03-26T16:13:18 EEST" description="Runs Cucumber Scenarios" data-provider="scenarios" finished-at="2023-03-26T16:13:31 EEST">
          <params>
            <param index="0">
              <value>
                <![CDATA["Adding new product"]]>
              </value>
            </param>
            <param index="1">
              <value>
                <![CDATA["Add product"]]>
              </value>
            </param>
          </params>
          <reporter-output>
          </reporter-output>
        </test-method> <!-- runScenario -->
        <test-method status="PASS" signature="TearDown()[pri:0, instance:runner.TestRunner@51c668e3]" name="TearDown" is-config="true" duration-ms="311" started-at="2023-03-26T16:13:31 EEST" finished-at="2023-03-26T16:13:32 EEST">
          <reporter-output>
          </reporter-output>
        </test-method> <!-- TearDown -->
        <test-method status="PASS" signature="setup()[pri:0, instance:runner.TestRunner@51c668e3]" name="setup" is-config="true" duration-ms="890" started-at="2023-03-26T16:13:32 EEST" finished-at="2023-03-26T16:13:33 EEST">
          <reporter-output>
          </reporter-output>
        </test-method> <!-- setup -->
        <test-method status="PASS" signature="runScenario(io.cucumber.testng.PickleWrapper,io.cucumber.testng.FeatureWrapper)[pri:0, instance:runner.TestRunner@51c668e3]" name="runScenario" duration-ms="13623" started-at="2023-03-26T16:13:33 EEST" description="Runs Cucumber Scenarios" data-provider="scenarios" finished-at="2023-03-26T16:13:46 EEST">
          <params>
            <param index="0">
              <value>
                <![CDATA["Adding new product"]]>
              </value>
            </param>
            <param index="1">
              <value>
                <![CDATA["Add product"]]>
              </value>
            </param>
          </params>
          <reporter-output>
          </reporter-output>
        </test-method> <!-- runScenario -->
        <test-method status="PASS" signature="TearDown()[pri:0, instance:runner.TestRunner@51c668e3]" name="TearDown" is-config="true" duration-ms="289" started-at="2023-03-26T16:13:46 EEST" finished-at="2023-03-26T16:13:46 EEST">
          <reporter-output>
          </reporter-output>
        </test-method> <!-- TearDown -->
        <test-method status="PASS" signature="setup()[pri:0, instance:runner.TestRunner@51c668e3]" name="setup" is-config="true" duration-ms="859" started-at="2023-03-26T16:13:46 EEST" finished-at="2023-03-26T16:13:47 EEST">
          <reporter-output>
          </reporter-output>
        </test-method> <!-- setup -->
        <test-method status="PASS" signature="runScenario(io.cucumber.testng.PickleWrapper,io.cucumber.testng.FeatureWrapper)[pri:0, instance:runner.TestRunner@51c668e3]" name="runScenario" duration-ms="4366" started-at="2023-03-26T16:13:47 EEST" description="Runs Cucumber Scenarios" data-provider="scenarios" finished-at="2023-03-26T16:13:52 EEST">
          <params>
            <param index="0">
              <value>
                <![CDATA["Retrieve the most viewed products"]]>
              </value>
            </param>
            <param index="1">
              <value>
                <![CDATA["Get products via API"]]>
              </value>
            </param>
          </params>
          <reporter-output>
          </reporter-output>
        </test-method> <!-- runScenario -->
        <test-method status="PASS" signature="TearDown()[pri:0, instance:runner.TestRunner@51c668e3]" name="TearDown" is-config="true" duration-ms="282" started-at="2023-03-26T16:13:52 EEST" finished-at="2023-03-26T16:13:52 EEST">
          <reporter-output>
          </reporter-output>
        </test-method> <!-- TearDown -->
        <test-method status="PASS" signature="setup()[pri:0, instance:runner.TestRunner@51c668e3]" name="setup" is-config="true" duration-ms="812" started-at="2023-03-26T16:13:52 EEST" finished-at="2023-03-26T16:13:53 EEST">
          <reporter-output>
          </reporter-output>
        </test-method> <!-- setup -->
        <test-method status="PASS" signature="runScenario(io.cucumber.testng.PickleWrapper,io.cucumber.testng.FeatureWrapper)[pri:0, instance:runner.TestRunner@51c668e3]" name="runScenario" duration-ms="1759" started-at="2023-03-26T16:13:53 EEST" description="Runs Cucumber Scenarios" data-provider="scenarios" finished-at="2023-03-26T16:13:55 EEST">
          <params>
            <param index="0">
              <value>
                <![CDATA["Retrieve the most purchased products"]]>
              </value>
            </param>
            <param index="1">
              <value>
                <![CDATA["Get products via API"]]>
              </value>
            </param>
          </params>
          <reporter-output>
          </reporter-output>
        </test-method> <!-- runScenario -->
        <test-method status="PASS" signature="TearDown()[pri:0, instance:runner.TestRunner@51c668e3]" name="TearDown" is-config="true" duration-ms="268" started-at="2023-03-26T16:13:55 EEST" finished-at="2023-03-26T16:13:55 EEST">
          <reporter-output>
          </reporter-output>
        </test-method> <!-- TearDown -->
        <test-method status="PASS" signature="setup()[pri:0, instance:runner.TestRunner@51c668e3]" name="setup" is-config="true" duration-ms="864" started-at="2023-03-26T16:13:55 EEST" finished-at="2023-03-26T16:13:56 EEST">
          <reporter-output>
          </reporter-output>
        </test-method> <!-- setup -->
        <test-method status="PASS" signature="runScenario(io.cucumber.testng.PickleWrapper,io.cucumber.testng.FeatureWrapper)[pri:0, instance:runner.TestRunner@51c668e3]" name="runScenario" duration-ms="15112" started-at="2023-03-26T16:13:56 EEST" description="Runs Cucumber Scenarios" data-provider="scenarios" finished-at="2023-03-26T16:14:11 EEST">
          <params>
            <param index="0">
              <value>
                <![CDATA["One-to-many relationship between Category and Products"]]>
              </value>
            </param>
            <param index="1">
              <value>
                <![CDATA["Persistent storage in database"]]>
              </value>
            </param>
          </params>
          <reporter-output>
          </reporter-output>
        </test-method> <!-- runScenario -->
        <test-method status="PASS" signature="TearDown()[pri:0, instance:runner.TestRunner@51c668e3]" name="TearDown" is-config="true" duration-ms="286" started-at="2023-03-26T16:14:11 EEST" finished-at="2023-03-26T16:14:11 EEST">
          <reporter-output>
          </reporter-output>
        </test-method> <!-- TearDown -->
        <test-method status="PASS" signature="setup()[pri:0, instance:runner.TestRunner@51c668e3]" name="setup" is-config="true" duration-ms="869" started-at="2023-03-26T16:14:11 EEST" finished-at="2023-03-26T16:14:12 EEST">
          <reporter-output>
          </reporter-output>
        </test-method> <!-- setup -->
        <test-method status="PASS" signature="runScenario(io.cucumber.testng.PickleWrapper,io.cucumber.testng.FeatureWrapper)[pri:0, instance:runner.TestRunner@51c668e3]" name="runScenario" duration-ms="4402" started-at="2023-03-26T16:14:12 EEST" description="Runs Cucumber Scenarios" data-provider="scenarios" finished-at="2023-03-26T16:14:16 EEST">
          <params>
            <param index="0">
              <value>
                <![CDATA["Successful login with valid credentials"]]>
              </value>
            </param>
            <param index="1">
              <value>
                <![CDATA["Login"]]>
              </value>
            </param>
          </params>
          <reporter-output>
          </reporter-output>
        </test-method> <!-- runScenario -->
        <test-method status="PASS" signature="TearDown()[pri:0, instance:runner.TestRunner@51c668e3]" name="TearDown" is-config="true" duration-ms="283" started-at="2023-03-26T16:14:16 EEST" finished-at="2023-03-26T16:14:17 EEST">
          <reporter-output>
          </reporter-output>
        </test-method> <!-- TearDown -->
        <test-method status="PASS" signature="setup()[pri:0, instance:runner.TestRunner@51c668e3]" name="setup" is-config="true" duration-ms="845" started-at="2023-03-26T16:14:17 EEST" finished-at="2023-03-26T16:14:17 EEST">
          <reporter-output>
          </reporter-output>
        </test-method> <!-- setup -->
        <test-method status="PASS" signature="runScenario(io.cucumber.testng.PickleWrapper,io.cucumber.testng.FeatureWrapper)[pri:0, instance:runner.TestRunner@51c668e3]" name="runScenario" duration-ms="3675" started-at="2023-03-26T16:14:17 EEST" description="Runs Cucumber Scenarios" data-provider="scenarios" finished-at="2023-03-26T16:14:21 EEST">
          <params>
            <param index="0">
              <value>
                <![CDATA["Access to admin portal"]]>
              </value>
            </param>
            <param index="1">
              <value>
                <![CDATA["Login"]]>
              </value>
            </param>
          </params>
          <reporter-output>
          </reporter-output>
        </test-method> <!-- runScenario -->
        <test-method status="PASS" signature="TearDown()[pri:0, instance:runner.TestRunner@51c668e3]" name="TearDown" is-config="true" duration-ms="253" started-at="2023-03-26T16:14:21 EEST" finished-at="2023-03-26T16:14:21 EEST">
          <reporter-output>
          </reporter-output>
        </test-method> <!-- TearDown -->
        <test-method status="PASS" signature="setup()[pri:0, instance:runner.TestRunner@51c668e3]" name="setup" is-config="true" duration-ms="828" started-at="2023-03-26T16:14:21 EEST" finished-at="2023-03-26T16:14:22 EEST">
          <reporter-output>
          </reporter-output>
        </test-method> <!-- setup -->
        <test-method status="PASS" signature="runScenario(io.cucumber.testng.PickleWrapper,io.cucumber.testng.FeatureWrapper)[pri:0, instance:runner.TestRunner@51c668e3]" name="runScenario" duration-ms="4303" started-at="2023-03-26T16:14:22 EEST" description="Runs Cucumber Scenarios" data-provider="scenarios" finished-at="2023-03-26T16:14:27 EEST">
          <params>
            <param index="0">
              <value>
                <![CDATA["Failure to login with invalid credentials"]]>
              </value>
            </param>
            <param index="1">
              <value>
                <![CDATA["Login"]]>
              </value>
            </param>
          </params>
          <reporter-output>
          </reporter-output>
        </test-method> <!-- runScenario -->
        <test-method status="PASS" signature="TearDown()[pri:0, instance:runner.TestRunner@51c668e3]" name="TearDown" is-config="true" duration-ms="268" started-at="2023-03-26T16:14:27 EEST" finished-at="2023-03-26T16:14:27 EEST">
          <reporter-output>
          </reporter-output>
        </test-method> <!-- TearDown -->
        <test-method status="PASS" signature="setup()[pri:0, instance:runner.TestRunner@51c668e3]" name="setup" is-config="true" duration-ms="835" started-at="2023-03-26T16:14:27 EEST" finished-at="2023-03-26T16:14:28 EEST">
          <reporter-output>
          </reporter-output>
        </test-method> <!-- setup -->
        <test-method status="PASS" signature="runScenario(io.cucumber.testng.PickleWrapper,io.cucumber.testng.FeatureWrapper)[pri:0, instance:runner.TestRunner@51c668e3]" name="runScenario" duration-ms="4572" started-at="2023-03-26T16:14:28 EEST" description="Runs Cucumber Scenarios" data-provider="scenarios" finished-at="2023-03-26T16:14:32 EEST">
          <params>
            <param index="0">
              <value>
                <![CDATA["Failure to login with invalid credentials"]]>
              </value>
            </param>
            <param index="1">
              <value>
                <![CDATA["Login"]]>
              </value>
            </param>
          </params>
          <reporter-output>
          </reporter-output>
        </test-method> <!-- runScenario -->
        <test-method status="PASS" signature="TearDown()[pri:0, instance:runner.TestRunner@51c668e3]" name="TearDown" is-config="true" duration-ms="294" started-at="2023-03-26T16:14:32 EEST" finished-at="2023-03-26T16:14:32 EEST">
          <reporter-output>
          </reporter-output>
        </test-method> <!-- TearDown -->
        <test-method status="PASS" signature="setup()[pri:0, instance:runner.TestRunner@51c668e3]" name="setup" is-config="true" duration-ms="848" started-at="2023-03-26T16:14:32 EEST" finished-at="2023-03-26T16:14:33 EEST">
          <reporter-output>
          </reporter-output>
        </test-method> <!-- setup -->
        <test-method status="PASS" signature="runScenario(io.cucumber.testng.PickleWrapper,io.cucumber.testng.FeatureWrapper)[pri:0, instance:runner.TestRunner@51c668e3]" name="runScenario" duration-ms="33934" started-at="2023-03-26T16:14:33 EEST" description="Runs Cucumber Scenarios" data-provider="scenarios" finished-at="2023-03-26T16:15:07 EEST">
          <params>
            <param index="0">
              <value>
                <![CDATA["Product ordering"]]>
              </value>
            </param>
            <param index="1">
              <value>
                <![CDATA["Product ordering"]]>
              </value>
            </param>
          </params>
          <reporter-output>
          </reporter-output>
        </test-method> <!-- runScenario -->
        <test-method status="PASS" signature="TearDown()[pri:0, instance:runner.TestRunner@51c668e3]" name="TearDown" is-config="true" duration-ms="300" started-at="2023-03-26T16:15:07 EEST" finished-at="2023-03-26T16:15:08 EEST">
          <reporter-output>
          </reporter-output>
        </test-method> <!-- TearDown -->
        <test-method status="PASS" signature="setup()[pri:0, instance:runner.TestRunner@51c668e3]" name="setup" is-config="true" duration-ms="908" started-at="2023-03-26T16:15:08 EEST" finished-at="2023-03-26T16:15:08 EEST">
          <reporter-output>
          </reporter-output>
        </test-method> <!-- setup -->
        <test-method status="PASS" signature="runScenario(io.cucumber.testng.PickleWrapper,io.cucumber.testng.FeatureWrapper)[pri:0, instance:runner.TestRunner@51c668e3]" name="runScenario" duration-ms="10696" started-at="2023-03-26T16:15:08 EEST" description="Runs Cucumber Scenarios" data-provider="scenarios" finished-at="2023-03-26T16:15:19 EEST">
          <params>
            <param index="0">
              <value>
                <![CDATA["Successful registration on web app"]]>
              </value>
            </param>
            <param index="1">
              <value>
                <![CDATA["Sign Up"]]>
              </value>
            </param>
          </params>
          <reporter-output>
          </reporter-output>
        </test-method> <!-- runScenario -->
        <test-method status="PASS" signature="TearDown()[pri:0, instance:runner.TestRunner@51c668e3]" name="TearDown" is-config="true" duration-ms="307" started-at="2023-03-26T16:15:19 EEST" finished-at="2023-03-26T16:15:19 EEST">
          <reporter-output>
          </reporter-output>
        </test-method> <!-- TearDown -->
        <test-method status="PASS" signature="setup()[pri:0, instance:runner.TestRunner@51c668e3]" name="setup" is-config="true" duration-ms="876" started-at="2023-03-26T16:15:19 EEST" finished-at="2023-03-26T16:15:20 EEST">
          <reporter-output>
          </reporter-output>
        </test-method> <!-- setup -->
        <test-method status="PASS" signature="runScenario(io.cucumber.testng.PickleWrapper,io.cucumber.testng.FeatureWrapper)[pri:0, instance:runner.TestRunner@51c668e3]" name="runScenario" duration-ms="11970" started-at="2023-03-26T16:15:20 EEST" description="Runs Cucumber Scenarios" data-provider="scenarios" finished-at="2023-03-26T16:15:32 EEST">
          <params>
            <param index="0">
              <value>
                <![CDATA["Successful registration on web app"]]>
              </value>
            </param>
            <param index="1">
              <value>
                <![CDATA["Sign Up"]]>
              </value>
            </param>
          </params>
          <reporter-output>
          </reporter-output>
        </test-method> <!-- runScenario -->
        <test-method status="PASS" signature="TearDown()[pri:0, instance:runner.TestRunner@51c668e3]" name="TearDown" is-config="true" duration-ms="243" started-at="2023-03-26T16:15:32 EEST" finished-at="2023-03-26T16:15:33 EEST">
          <reporter-output>
          </reporter-output>
        </test-method> <!-- TearDown -->
        <test-method status="PASS" signature="setup()[pri:0, instance:runner.TestRunner@51c668e3]" name="setup" is-config="true" duration-ms="826" started-at="2023-03-26T16:15:33 EEST" finished-at="2023-03-26T16:15:33 EEST">
          <reporter-output>
          </reporter-output>
        </test-method> <!-- setup -->
        <test-method status="PASS" signature="runScenario(io.cucumber.testng.PickleWrapper,io.cucumber.testng.FeatureWrapper)[pri:0, instance:runner.TestRunner@51c668e3]" name="runScenario" duration-ms="4990" started-at="2023-03-26T16:15:33 EEST" description="Runs Cucumber Scenarios" data-provider="scenarios" finished-at="2023-03-26T16:15:38 EEST">
          <params>
            <param index="0">
              <value>
                <![CDATA["Failure to register with incomplete personal data"]]>
              </value>
            </param>
            <param index="1">
              <value>
                <![CDATA["Sign Up"]]>
              </value>
            </param>
          </params>
          <reporter-output>
          </reporter-output>
        </test-method> <!-- runScenario -->
        <test-method status="PASS" signature="TearDown()[pri:0, instance:runner.TestRunner@51c668e3]" name="TearDown" is-config="true" duration-ms="258" started-at="2023-03-26T16:15:38 EEST" finished-at="2023-03-26T16:15:39 EEST">
          <reporter-output>
          </reporter-output>
        </test-method> <!-- TearDown -->
        <test-method status="PASS" signature="setup()[pri:0, instance:runner.TestRunner@51c668e3]" name="setup" is-config="true" duration-ms="885" started-at="2023-03-26T16:15:39 EEST" finished-at="2023-03-26T16:15:40 EEST">
          <reporter-output>
          </reporter-output>
        </test-method> <!-- setup -->
        <test-method status="PASS" signature="runScenario(io.cucumber.testng.PickleWrapper,io.cucumber.testng.FeatureWrapper)[pri:0, instance:runner.TestRunner@51c668e3]" name="runScenario" duration-ms="4914" started-at="2023-03-26T16:15:40 EEST" description="Runs Cucumber Scenarios" data-provider="scenarios" finished-at="2023-03-26T16:15:44 EEST">
          <params>
            <param index="0">
              <value>
                <![CDATA["Failure to register with incomplete personal data"]]>
              </value>
            </param>
            <param index="1">
              <value>
                <![CDATA["Sign Up"]]>
              </value>
            </param>
          </params>
          <reporter-output>
          </reporter-output>
        </test-method> <!-- runScenario -->
        <test-method status="PASS" signature="TearDown()[pri:0, instance:runner.TestRunner@51c668e3]" name="TearDown" is-config="true" duration-ms="297" started-at="2023-03-26T16:15:44 EEST" finished-at="2023-03-26T16:15:45 EEST">
          <reporter-output>
          </reporter-output>
        </test-method> <!-- TearDown -->
        <test-method status="PASS" signature="tearDownClass()[pri:0, instance:runner.TestRunner@51c668e3]" name="tearDownClass" is-config="true" duration-ms="1599" started-at="2023-03-26T16:15:45 EEST" finished-at="2023-03-26T16:15:46 EEST">
          <reporter-output>
          </reporter-output>
        </test-method> <!-- tearDownClass -->
        <test-method status="PASS" signature="afterSuiteSetup()[pri:0, instance:runner.TestRunner@51c668e3]" name="afterSuiteSetup" is-config="true" duration-ms="4" started-at="2023-03-26T16:15:47 EEST" finished-at="2023-03-26T16:15:47 EEST">
          <reporter-output>
          </reporter-output>
        </test-method> <!-- afterSuiteSetup -->
      </class> <!-- runner.TestRunner -->
    </test> <!-- Cucumber Tests -->
  </suite> <!-- TestNG Cucumber Suite -->
</testng-results>
